{"/Users/camillachristiansen/projects/courses/401/basic-api-server/src/server.js": {"path":"/Users/camillachristiansen/projects/courses/401/basic-api-server/src/server.js","statementMap":{"0":{"start":{"line":3,"column":0},"end":{"line":3,"column":27}},"1":{"start":{"line":4,"column":16},"end":{"line":4,"column":34}},"2":{"start":{"line":5,"column":13},"end":{"line":5,"column":28}},"3":{"start":{"line":6,"column":17},"end":{"line":6,"column":42}},"4":{"start":{"line":7,"column":21},"end":{"line":7,"column":46}},"5":{"start":{"line":8,"column":13},"end":{"line":8,"column":37}},"6":{"start":{"line":9,"column":19},"end":{"line":9,"column":43}},"7":{"start":{"line":11,"column":12},"end":{"line":11,"column":21}},"8":{"start":{"line":13,"column":0},"end":{"line":13,"column":16}},"9":{"start":{"line":14,"column":0},"end":{"line":14,"column":24}},"10":{"start":{"line":15,"column":0},"end":{"line":15,"column":20}},"11":{"start":{"line":17,"column":0},"end":{"line":19,"column":3}},"12":{"start":{"line":18,"column":4},"end":{"line":18,"column":40}},"13":{"start":{"line":21,"column":0},"end":{"line":21,"column":23}},"14":{"start":{"line":22,"column":0},"end":{"line":22,"column":22}},"15":{"start":{"line":25,"column":4},"end":{"line":25,"column":66}},"16":{"start":{"line":25,"column":27},"end":{"line":25,"column":65}},"17":{"start":{"line":28,"column":0},"end":{"line":28,"column":32}}},"fnMap":{"0":{"name":"(anonymous_0)","decl":{"start":{"line":17,"column":13},"end":{"line":17,"column":14}},"loc":{"start":{"line":17,"column":33},"end":{"line":19,"column":1}},"line":17},"1":{"name":"start","decl":{"start":{"line":24,"column":9},"end":{"line":24,"column":14}},"loc":{"start":{"line":24,"column":16},"end":{"line":26,"column":1}},"line":24},"2":{"name":"(anonymous_2)","decl":{"start":{"line":25,"column":21},"end":{"line":25,"column":22}},"loc":{"start":{"line":25,"column":27},"end":{"line":25,"column":65}},"line":25}},"branchMap":{"0":{"loc":{"start":{"line":8,"column":13},"end":{"line":8,"column":37}},"type":"binary-expr","locations":[{"start":{"line":8,"column":13},"end":{"line":8,"column":29}},{"start":{"line":8,"column":33},"end":{"line":8,"column":37}}],"line":8}},"s":{"0":1,"1":1,"2":1,"3":1,"4":1,"5":1,"6":1,"7":1,"8":1,"9":1,"10":1,"11":1,"12":0,"13":1,"14":1,"15":0,"16":0,"17":1},"f":{"0":0,"1":0,"2":0},"b":{"0":[1,0]},"_coverageSchema":"1a1c01bbd47fc00a2c39e90264f33305004495a9","hash":"d44f7d26ab9434aabff0cc0f625952fc5fa58b56"}
,"/Users/camillachristiansen/projects/courses/401/basic-api-server/src/handlers/404.js": {"path":"/Users/camillachristiansen/projects/courses/401/basic-api-server/src/handlers/404.js","statementMap":{"0":{"start":{"line":3,"column":0},"end":{"line":9,"column":3}},"1":{"start":{"line":4,"column":2},"end":{"line":8,"column":5}}},"fnMap":{"0":{"name":"(anonymous_0)","decl":{"start":{"line":3,"column":18},"end":{"line":3,"column":19}},"loc":{"start":{"line":3,"column":38},"end":{"line":9,"column":1}},"line":3}},"branchMap":{},"s":{"0":1,"1":1},"f":{"0":1},"b":{},"_coverageSchema":"1a1c01bbd47fc00a2c39e90264f33305004495a9","hash":"577d4a251bc078b75862fd374ae2936e9ecaa8a9"}
,"/Users/camillachristiansen/projects/courses/401/basic-api-server/src/handlers/500.js": {"path":"/Users/camillachristiansen/projects/courses/401/basic-api-server/src/handlers/500.js","statementMap":{"0":{"start":{"line":3,"column":0},"end":{"line":11,"column":2}},"1":{"start":{"line":4,"column":2},"end":{"line":10,"column":5}}},"fnMap":{"0":{"name":"(anonymous_0)","decl":{"start":{"line":3,"column":17},"end":{"line":3,"column":18}},"loc":{"start":{"line":3,"column":44},"end":{"line":11,"column":1}},"line":3}},"branchMap":{},"s":{"0":1,"1":0},"f":{"0":0},"b":{},"_coverageSchema":"1a1c01bbd47fc00a2c39e90264f33305004495a9","hash":"e61f56ee4ad0276c7ba12d8c424306b9b7b69e24"}
,"/Users/camillachristiansen/projects/courses/401/basic-api-server/src/models/food.schema.js": {"path":"/Users/camillachristiansen/projects/courses/401/basic-api-server/src/models/food.schema.js","statementMap":{"0":{"start":{"line":3,"column":37},"end":{"line":3,"column":60}},"1":{"start":{"line":4,"column":30},"end":{"line":4,"column":42}},"2":{"start":{"line":6,"column":0},"end":{"line":16,"column":3}},"3":{"start":{"line":6,"column":51},"end":{"line":16,"column":2}}},"fnMap":{"0":{"name":"(anonymous_0)","decl":{"start":{"line":6,"column":17},"end":{"line":6,"column":18}},"loc":{"start":{"line":6,"column":51},"end":{"line":16,"column":2}},"line":6}},"branchMap":{},"s":{"0":1,"1":1,"2":1,"3":1},"f":{"0":1},"b":{},"_coverageSchema":"1a1c01bbd47fc00a2c39e90264f33305004495a9","hash":"292c7a5a8e0758f4e1f6f5d1054a5fda773f722f"}
,"/Users/camillachristiansen/projects/courses/401/basic-api-server/src/models/index.js": {"path":"/Users/camillachristiansen/projects/courses/401/basic-api-server/src/models/index.js","statementMap":{"0":{"start":{"line":3,"column":0},"end":{"line":3,"column":27}},"1":{"start":{"line":4,"column":33},"end":{"line":4,"column":53}},"2":{"start":{"line":5,"column":19},"end":{"line":5,"column":43}},"3":{"start":{"line":9,"column":21},"end":{"line":11,"column":26}},"4":{"start":{"line":15,"column":26},"end":{"line":15,"column":53}},"5":{"start":{"line":19,"column":18},"end":{"line":19,"column":58}},"6":{"start":{"line":21,"column":0},"end":{"line":24,"column":2}}},"fnMap":{},"branchMap":{"0":{"loc":{"start":{"line":9,"column":21},"end":{"line":11,"column":26}},"type":"cond-expr","locations":[{"start":{"line":10,"column":2},"end":{"line":10,"column":19}},{"start":{"line":11,"column":2},"end":{"line":11,"column":26}}],"line":9}},"s":{"0":1,"1":1,"2":1,"3":1,"4":1,"5":1,"6":1},"f":{},"b":{"0":[1,0]},"_coverageSchema":"1a1c01bbd47fc00a2c39e90264f33305004495a9","hash":"cd197eef7aaf0ce4a801afdc9acebdd9955cb0f3"}
,"/Users/camillachristiansen/projects/courses/401/basic-api-server/src/routes/food.js": {"path":"/Users/camillachristiansen/projects/courses/401/basic-api-server/src/routes/food.js","statementMap":{"0":{"start":{"line":3,"column":21},"end":{"line":3,"column":39}},"1":{"start":{"line":4,"column":16},"end":{"line":4,"column":34}},"2":{"start":{"line":5,"column":22},"end":{"line":5,"column":42}},"3":{"start":{"line":6,"column":15},"end":{"line":6,"column":31}},"4":{"start":{"line":8,"column":0},"end":{"line":16,"column":3}},"5":{"start":{"line":10,"column":4},"end":{"line":15,"column":1}},"6":{"start":{"line":11,"column":21},"end":{"line":11,"column":46}},"7":{"start":{"line":12,"column":8},"end":{"line":12,"column":35}},"8":{"start":{"line":14,"column":4},"end":{"line":14,"column":12}},"9":{"start":{"line":18,"column":0},"end":{"line":26,"column":3}},"10":{"start":{"line":19,"column":4},"end":{"line":25,"column":5}},"11":{"start":{"line":20,"column":23},"end":{"line":20,"column":33}},"12":{"start":{"line":21,"column":27},"end":{"line":21,"column":66}},"13":{"start":{"line":22,"column":8},"end":{"line":22,"column":41}},"14":{"start":{"line":24,"column":8},"end":{"line":24,"column":16}},"15":{"start":{"line":28,"column":0},"end":{"line":35,"column":3}},"16":{"start":{"line":29,"column":4},"end":{"line":34,"column":5}},"17":{"start":{"line":30,"column":16},"end":{"line":30,"column":48}},"18":{"start":{"line":31,"column":0},"end":{"line":31,"column":30}},"19":{"start":{"line":33,"column":8},"end":{"line":33,"column":16}},"20":{"start":{"line":37,"column":0},"end":{"line":44,"column":2}},"21":{"start":{"line":38,"column":4},"end":{"line":43,"column":5}},"22":{"start":{"line":39,"column":28},"end":{"line":39,"column":90}},"23":{"start":{"line":40,"column":8},"end":{"line":40,"column":42}},"24":{"start":{"line":42,"column":8},"end":{"line":42,"column":16}},"25":{"start":{"line":46,"column":0},"end":{"line":53,"column":2}},"26":{"start":{"line":47,"column":4},"end":{"line":52,"column":5}},"27":{"start":{"line":48,"column":4},"end":{"line":48,"column":58}},"28":{"start":{"line":49,"column":4},"end":{"line":49,"column":41}},"29":{"start":{"line":51,"column":8},"end":{"line":51,"column":16}},"30":{"start":{"line":56,"column":0},"end":{"line":56,"column":24}}},"fnMap":{"0":{"name":"(anonymous_0)","decl":{"start":{"line":8,"column":20},"end":{"line":8,"column":21}},"loc":{"start":{"line":8,"column":46},"end":{"line":16,"column":1}},"line":8},"1":{"name":"(anonymous_1)","decl":{"start":{"line":18,"column":24},"end":{"line":18,"column":25}},"loc":{"start":{"line":18,"column":50},"end":{"line":26,"column":1}},"line":18},"2":{"name":"(anonymous_2)","decl":{"start":{"line":28,"column":21},"end":{"line":28,"column":22}},"loc":{"start":{"line":28,"column":47},"end":{"line":35,"column":1}},"line":28},"3":{"name":"(anonymous_3)","decl":{"start":{"line":37,"column":24},"end":{"line":37,"column":25}},"loc":{"start":{"line":37,"column":50},"end":{"line":44,"column":1}},"line":37},"4":{"name":"(anonymous_4)","decl":{"start":{"line":46,"column":27},"end":{"line":46,"column":28}},"loc":{"start":{"line":46,"column":53},"end":{"line":53,"column":1}},"line":46}},"branchMap":{},"s":{"0":1,"1":1,"2":1,"3":1,"4":1,"5":2,"6":2,"7":2,"8":0,"9":1,"10":1,"11":1,"12":1,"13":1,"14":0,"15":1,"16":2,"17":2,"18":2,"19":0,"20":1,"21":2,"22":2,"23":2,"24":0,"25":1,"26":0,"27":0,"28":0,"29":0,"30":1},"f":{"0":2,"1":1,"2":2,"3":2,"4":0},"b":{},"_coverageSchema":"1a1c01bbd47fc00a2c39e90264f33305004495a9","hash":"b07db392b2aabb16ad600e81aba1e8f8c4bcb38b"}
}
